<?xml version="1.0" encoding="UTF-8"?>
<!-- Generated by org.testng.reporters.JUnitXMLReporter -->
<testsuite ignored="0" hostname="JINSHA" failures="0" tests="5" name="Test" time="9.777" errors="0" timestamp="2025-04-28T12:42:06 IST">
  <testcase classname="testScript.LoginTest" name="verifyTheUserIsAbleTologinUsingInvalidUsernameAndInvalidPassword" time="1.015"/>
  <testcase classname="testScript.LogoutTest" name="verifyTheUserIsAbleToLogout" time="1.18"/>
  <testcase classname="testScript.LoginTest" name="verifyTheUserIsAbleTologinUsingInvalidUsernameAndValidPassword" time="0.45"/>
  <testcase classname="testScript.LoginTest" name="verifyTheUserIsAbleTologinUsingValidCredentials" time="0.622"/>
  <testcase classname="testScript.LoginTest" name="verifyTheUserIsAbleTologinUsingValidUsernameAndInvalidPassword" time="0.492"/>
</testsuite> <!-- Test -->
