<?xml version="1.0" encoding="UTF-8"?>
<!-- Generated by org.testng.reporters.JUnitXMLReporter -->
<testsuite ignored="0" hostname="JINSHA" failures="0" tests="13" name="Test" time="54.011" errors="0" timestamp="2025-05-06T14:11:28 IST">
  <testcase classname="testScript.ManageFooterTextTest" name="verifyTheUpdateButtonIsDisplayed" time="1.459"/>
  <testcase classname="testScript.ManageFooterTextTest" name="verifyTheUserIsAbleToUpdateFooterText" time="2.175"/>
  <testcase classname="testScript.ManageContactTest" name="verifyTheUserIsAbleToUpdateContact" time="3.009"/>
  <testcase classname="testScript.ManageCategoryTest" name="verifyTheUserISAbleToAddNewCategory" time="5.18"/>
  <testcase classname="testScript.ManageNewsTest" name="verifyTheUserIsAbleToAddNews" time="1.731"/>
  <testcase classname="testScript.SubCategoryTest" name="verifyTheUserIsAbleToAddNewSubCategory" time="5.722"/>
  <testcase classname="testScript.SubCategoryTest" name="verifyTheUserIsAbleToUpdateSubCategory" time="5.55"/>
  <testcase classname="testScript.LogoutTest" name="verifyTheUserIsAbleToLogout" time="1.094"/>
  <testcase classname="testScript.LoginTest" name="verifyTheUserIsAbleTologinUsingInvalidUsernameAndInvalidPassword" time="0.539"/>
  <testcase classname="testScript.LoginTest" name="verifyTheUserIsAbleTologinUsingInvalidUsernameAndValidPassword" time="0.538"/>
  <testcase classname="testScript.LoginTest" name="verifyTheUserIsAbleTologinUsingValidCredentials" time="0.688"/>
  <testcase classname="testScript.LoginTest" name="verifyTheUserIsAbleTologinUsingValidUsernameAndInvalidPassword" time="0.55"/>
  <testcase classname="testScript.AdminUsersTest" name="verifyUserIsAbleToAddUsers" time="2.121"/>
</testsuite> <!-- Test -->
